#-----------------------------------------------------------
# Vivado v2018.3 (64-bit)
# SW Build 2405991 on Thu Dec  6 23:38:27 MST 2018
# IP Build 2404404 on Fri Dec  7 01:43:56 MST 2018
# Start of session at: Sat Jul  8 23:26:52 2023
# Process ID: 7036
# Current directory: C:/Users/HP/Desktop/Vivado Codes/ichip23/ichip23_ps2
# Command line: vivado.exe -gui_launcher_event rodinguilauncherevent27276 C:\Users\HP\Desktop\Vivado Codes\ichip23\ichip23_ps2\ichip23_ps2.xpr
# Log file: C:/Users/HP/Desktop/Vivado Codes/ichip23/ichip23_ps2/vivado.log
# Journal file: C:/Users/HP/Desktop/Vivado Codes/ichip23/ichip23_ps2\vivado.jou
#-----------------------------------------------------------
start_gui
open_project {C:/Users/HP/Desktop/Vivado Codes/ichip23/ichip23_ps2/ichip23_ps2.xpr}
Scanning sources...
Finished scanning sources
INFO: [IP_Flow 19-234] Refreshing IP repositories
INFO: [IP_Flow 19-1704] No user IP repositories specified
INFO: [IP_Flow 19-2313] Loaded Vivado IP repository 'D:/Vivado/2018.3/data/ip'.
open_project: Time (s): cpu = 00:00:11 ; elapsed = 00:00:21 . Memory (MB): peak = 787.438 ; gain = 218.922
update_compile_order -fileset sources_1
exit
INFO: [Common 17-206] Exiting Vivado at Mon Jul 10 01:54:57 2023...
